<?xml version="1.0" encoding="UTF-8"?>
<!-- Generated by org.testng.reporters.JUnitXMLReporter -->
<testsuite hostname="LAPTOP-A4K5Q85L" ignored="0" name="PetTests" tests="4" failures="0" timestamp="2024-04-04T15:41:07 IST" time="17.486" errors="0">
  <testcase name="testPostUser" time="7.701" classname="api.test.UserTests"/>
  <testcase name="testGetUserByName" time="1.575" classname="api.test.UserTests"/>
  <testcase name="testUpdateUserByName" time="5.286" classname="api.test.UserTests"/>
  <testcase name="testDeleteUserByName" time="1.603" classname="api.test.UserTests"/>
</testsuite> <!-- PetTests -->
