<?xml version="1.0" encoding="UTF-8"?>
<!-- Generated by org.testng.reporters.JUnitXMLReporter -->
<testsuite hostname="LAPTOP-A4K5Q85L" ignored="0" name="Default test" tests="4" failures="0" timestamp="2024-04-04T19:54:56 IST" time="13.812" errors="0">
  <testcase name="testPostUser" time="5.844" classname="api.test.UserTests2"/>
  <testcase name="testGetUserByName" time="1.626" classname="api.test.UserTests2"/>
  <testcase name="testUpdateUserByName" time="4.072" classname="api.test.UserTests2"/>
  <testcase name="testDeleteUserByName" time="1.858" classname="api.test.UserTests2"/>
</testsuite> <!-- Default test -->
